<?xml version="1.0" encoding="UTF-8"?>
<robot generator="Robot 6.1.1 (Python 3.12.0 on win32)" generated="20240130 13:28:15.854" rpa="false" schemaversion="4">
<suite id="s1" name="TC 2 GET Request" source="C:\projects\automationprojects\automationprojects\RobotFramewrok2\TestCases\TC_2_GET_Request.robot">
<test id="s1-t1" name="Get_Trmstatus" line="13">
<kw name="Create Session" library="RequestsLibrary">
<arg>mysession</arg>
<arg>${base_url}</arg>
<doc>Create Session: create a HTTP session to a server</doc>
<msg timestamp="20240130 13:28:15.966" level="INFO">Creating Session using : alias=mysession, url=http://192.168.36.107:18081/api/dolphicam/, headers={},                     cookies={}, auth=None, timeout=None, proxies=None, verify=False,                     debug=0 </msg>
<status status="PASS" starttime="20240130 13:28:15.966" endtime="20240130 13:28:15.966"/>
</kw>
<kw name="GET On Session" library="RequestsLibrary">
<var>${reposnse}</var>
<arg>mysession</arg>
<arg>${command_TrmStatus}</arg>
<doc>Sends a GET request on a previously created HTTP Session.</doc>
<msg timestamp="20240130 13:28:15.986" level="INFO">GET Request : url=http://192.168.36.107:18081/api/dolphicam/Trmstatus 
 path_url=/api/dolphicam/Trmstatus 
 headers={'User-Agent': 'python-requests/2.31.0', 'Accept-Encoding': 'gzip, deflate', 'Accept': '*/*', 'Connection': 'keep-alive'} 
 body=None 
 </msg>
<msg timestamp="20240130 13:28:15.986" level="INFO">GET Response : url=http://192.168.36.107:18081/api/dolphicam/Trmstatus 
 status=200, reason=OK 
 headers={'Content-Length': '525', 'Content-Type': 'application/json; charset=utf-8', 'Server': 'Microsoft-HTTPAPI/2.0', 'Date': 'Tue, 30 Jan 2024 12:28:15 GMT'} 
 body={"BB":{"SerialNumber":"BB190123","FirmwareVersion":"1.8.0-90-g90fb111","Model":"BB","HwRevision":"3.0","Connected":true,"ImageColor":"Green","ChargeLevel":"61.8 [%]"},"Trm1":{"SerialNumber":"TRM190477","FirmwareVersion":"1.7.1-2-g84151ae","Model":"TRM-BF-2.5MHz","HwRevision":"4.0","Connected":true,"ImageColor":"Green","ChargeLevel":null},"Trm2":{"SerialNumber":"TRM180104","FirmwareVersion":"&lt;UNKNOWN&gt;","Model":"TRM-AF-3.5MHz","HwRevision":"AF","Connected":false,"ImageColor":"Grey","ChargeLevel":null},"TrmMode":"TRM1 PE"} 
 </msg>
<msg timestamp="20240130 13:28:15.986" level="INFO">${reposnse} = &lt;Response [200]&gt;</msg>
<status status="PASS" starttime="20240130 13:28:15.966" endtime="20240130 13:28:15.986"/>
</kw>
<kw name="Log To Console" library="BuiltIn">
<arg>${reposnse.content}</arg>
<doc>Logs the given message to the console.</doc>
<status status="PASS" starttime="20240130 13:28:15.986" endtime="20240130 13:28:15.986"/>
</kw>
<kw name="Convert To String" library="BuiltIn">
<var>${body}</var>
<arg>${reposnse.content}</arg>
<doc>Converts the given item to a Unicode string.</doc>
<msg timestamp="20240130 13:28:15.987" level="INFO">${body} = {"BB":{"SerialNumber":"BB190123","FirmwareVersion":"1.8.0-90-g90fb111","Model":"BB","HwRevision":"3.0","Connected":true,"ImageColor":"Green","ChargeLevel":"61.8 [%]"},"Trm1":{"SerialNumber":"TRM190477...</msg>
<status status="PASS" starttime="20240130 13:28:15.986" endtime="20240130 13:28:15.987"/>
</kw>
<kw name="Should Contain" library="BuiltIn">
<arg>${body}</arg>
<arg>BB190123</arg>
<doc>Fails if ``container`` does not contain ``item`` one or more times.</doc>
<status status="PASS" starttime="20240130 13:28:15.987" endtime="20240130 13:28:15.987"/>
</kw>
<status status="PASS" starttime="20240130 13:28:15.965" endtime="20240130 13:28:15.988"/>
</test>
<test id="s1-t2" name="Get_dolphicam" line="25">
<kw name="GET On Session" library="RequestsLibrary">
<var>${reposnse1}</var>
<arg>mysession</arg>
<arg>${command}</arg>
<doc>Sends a GET request on a previously created HTTP Session.</doc>
<msg timestamp="20240130 13:28:16.086" level="INFO">GET Request : url=http://192.168.36.107:18081/api/dolphicam/hello 
 path_url=/api/dolphicam/hello 
 headers={'User-Agent': 'python-requests/2.31.0', 'Accept-Encoding': 'gzip, deflate', 'Accept': '*/*', 'Connection': 'keep-alive'} 
 body=None 
 </msg>
<msg timestamp="20240130 13:28:16.086" level="INFO">GET Response : url=http://192.168.36.107:18081/api/dolphicam/hello 
 status=200, reason=OK 
 headers={'Content-Length': '22', 'Content-Type': 'application/json; charset=utf-8', 'Server': 'Microsoft-HTTPAPI/2.0', 'Date': 'Tue, 30 Jan 2024 12:28:15 GMT'} 
 body="Dolphicam says hello" 
 </msg>
<msg timestamp="20240130 13:28:16.086" level="INFO">${reposnse1} = &lt;Response [200]&gt;</msg>
<status status="PASS" starttime="20240130 13:28:15.988" endtime="20240130 13:28:16.086"/>
</kw>
<kw name="Log To Console" library="BuiltIn">
<arg>${reposnse1.content}</arg>
<doc>Logs the given message to the console.</doc>
<status status="PASS" starttime="20240130 13:28:16.086" endtime="20240130 13:28:16.087"/>
</kw>
<kw name="Convert To String" library="BuiltIn">
<var>${body}</var>
<arg>${reposnse1.content}</arg>
<doc>Converts the given item to a Unicode string.</doc>
<msg timestamp="20240130 13:28:16.088" level="INFO">${body} = "Dolphicam says hello"</msg>
<status status="PASS" starttime="20240130 13:28:16.087" endtime="20240130 13:28:16.088"/>
</kw>
<kw name="Should Contain" library="BuiltIn">
<arg>${body}</arg>
<arg>Dolphicam</arg>
<doc>Fails if ``container`` does not contain ``item`` one or more times.</doc>
<status status="PASS" starttime="20240130 13:28:16.088" endtime="20240130 13:28:16.088"/>
</kw>
<status status="PASS" starttime="20240130 13:28:15.988" endtime="20240130 13:28:16.089"/>
</test>
<test id="s1-t3" name="Put_startscan" line="34">
<kw name="PUT On Session" library="RequestsLibrary">
<var>${reponse2}</var>
<arg>mysession</arg>
<arg>${command_startscan}</arg>
<doc>Sends a PUT request on a previously created HTTP Session.</doc>
<msg timestamp="20240130 13:28:16.111" level="INFO">PUT Request : url=http://192.168.36.107:18081/api/dolphicam/startscan 
 path_url=/api/dolphicam/startscan 
 headers={'User-Agent': 'python-requests/2.31.0', 'Accept-Encoding': 'gzip, deflate', 'Accept': '*/*', 'Connection': 'keep-alive', 'Content-Length': '0'} 
 body=None 
 </msg>
<msg timestamp="20240130 13:28:16.111" level="INFO">PUT Response : url=http://192.168.36.107:18081/api/dolphicam/startscan 
 status=200, reason=OK 
 headers={'Content-Length': '0', 'Server': 'Microsoft-HTTPAPI/2.0', 'Date': 'Tue, 30 Jan 2024 12:28:15 GMT'} 
 body=None 
 </msg>
<msg timestamp="20240130 13:28:16.111" level="INFO">${reponse2} = &lt;Response [200]&gt;</msg>
<status status="PASS" starttime="20240130 13:28:16.090" endtime="20240130 13:28:16.111"/>
</kw>
<status status="PASS" starttime="20240130 13:28:16.090" endtime="20240130 13:28:16.112"/>
</test>
<test id="s1-t4" name="Put_stopscan" line="38">
<kw name="PUT On Session" library="RequestsLibrary">
<var>${reponse2}</var>
<arg>mysession</arg>
<arg>${command_stopscan}</arg>
<doc>Sends a PUT request on a previously created HTTP Session.</doc>
<msg timestamp="20240130 13:28:16.140" level="INFO">PUT Request : url=http://192.168.36.107:18081/api/dolphicam/stopscan 
 path_url=/api/dolphicam/stopscan 
 headers={'User-Agent': 'python-requests/2.31.0', 'Accept-Encoding': 'gzip, deflate', 'Accept': '*/*', 'Connection': 'keep-alive', 'Content-Length': '0'} 
 body=None 
 </msg>
<msg timestamp="20240130 13:28:16.140" level="INFO">PUT Response : url=http://192.168.36.107:18081/api/dolphicam/stopscan 
 status=200, reason=OK 
 headers={'Content-Length': '0', 'Server': 'Microsoft-HTTPAPI/2.0', 'Date': 'Tue, 30 Jan 2024 12:28:15 GMT'} 
 body=None 
 </msg>
<msg timestamp="20240130 13:28:16.140" level="INFO">${reponse2} = &lt;Response [200]&gt;</msg>
<status status="PASS" starttime="20240130 13:28:16.113" endtime="20240130 13:28:16.140"/>
</kw>
<status status="PASS" starttime="20240130 13:28:16.113" endtime="20240130 13:28:16.140"/>
</test>
<status status="PASS" starttime="20240130 13:28:15.855" endtime="20240130 13:28:16.141"/>
</suite>
<statistics>
<total>
<stat pass="4" fail="0" skip="0">All Tests</stat>
</total>
<tag>
</tag>
<suite>
<stat pass="4" fail="0" skip="0" id="s1" name="TC 2 GET Request">TC 2 GET Request</stat>
</suite>
</statistics>
<errors>
</errors>
</robot>
