<?xml version="1.0" encoding="UTF-8"?>
<robot generator="Robot 6.1.1 (Python 3.12.0 on win32)" generated="20240208 08:36:55.673" rpa="false" schemaversion="4">
<suite id="s1" name="TC 2 Start DC2" source="C:\projects\automationprojects\automationprojects\RobotFramewrok2\TestCases\TC_2_Start_DC2.robot">
<test id="s1-t1" name="Open DC2 application" line="7">
<kw name="Windows Run" library="RPA.Windows">
<arg>dolphicam2.exe</arg>
<tag>window</tag>
<doc>Use Windows Run window to launch an application.</doc>
<msg timestamp="20240208 08:36:55.938" level="INFO">Sending keys '{Win}r' to element: &lt;module 'uiautomation' from 'C:\\Users\\DivyaPuthukaraFranci\\PycharmProjects\\RobotFramewrok2\\venv\\Lib\\site-packages\\uiautomation\\__init__.py'&gt;</msg>
<msg timestamp="20240208 08:36:56.484" level="INFO">Sending keys 'dolphicam2.exe' to element: &lt;module 'uiautomation' from 'C:\\Users\\DivyaPuthukaraFranci\\PycharmProjects\\RobotFramewrok2\\venv\\Lib\\site-packages\\uiautomation\\__init__.py'&gt;</msg>
<msg timestamp="20240208 08:36:57.158" level="INFO">Sending keys '{Enter}' to element: &lt;module 'uiautomation' from 'C:\\Users\\DivyaPuthukaraFranci\\PycharmProjects\\RobotFramewrok2\\venv\\Lib\\site-packages\\uiautomation\\__init__.py'&gt;</msg>
<status status="PASS" starttime="20240208 08:36:55.938" endtime="20240208 08:37:00.689"/>
</kw>
<kw name="Set Wait Time" library="RPA.Windows">
<arg>2</arg>
<tag>action</tag>
<doc>Set library wait time for action keywords.</doc>
<msg timestamp="20240208 08:37:00.689" level="INFO">Previous wait time: 0.500000</msg>
<msg timestamp="20240208 08:37:00.690" level="INFO">Current wait time: 2.000000</msg>
<status status="PASS" starttime="20240208 08:37:00.689" endtime="20240208 08:37:00.690"/>
</kw>
<kw name="Control Window" library="RPA.Windows">
<arg>executable:dolphicam2.exe</arg>
<tag>window</tag>
<doc>Controls the window defined by the locator.</doc>
<msg timestamp="20240208 08:37:00.860" level="INFO">Getting element with locator: executable:dolphicam2.exe and type:WindowControl</msg>
<msg timestamp="20240208 08:37:00.860" level="INFO">Resulted root element: WindowsElement(item=&lt;uiautomation.uiautomation.PaneControl object at 0x000001CBC1CEE9F0&gt;, locator='executable:dolphicam2.exe and type:WindowControl', name='Desktop 1', automation_id='', control_type='PaneControl', class_name='#32769', left=0, right=3840, top=0, bottom=2160, width=3840, height=2160, xcenter=1920, ycenter=1080)</msg>
<msg timestamp="20240208 08:37:00.860" level="INFO">Locator 'executable:dolphicam2.exe and type:WindowControl' produced matcher: MatchObject(locators=[('executable', 'dolphicam2.exe', 0), ('ControlType', 'WindowControl', 0)], _classes=set(), max_level=0)</msg>
<msg timestamp="20240208 08:37:03.000" level="INFO">Found process with window title: 'dolphicam2'</msg>
<msg timestamp="20240208 08:37:03.163" level="INFO">Returning element: WindowsElement(item=&lt;uiautomation.uiautomation.WindowControl object at 0x000001CBC16C64E0&gt;, locator='executable:dolphicam2.exe and type:WindowControl', name='dolphicam2', automation_id='TheDC2MainWindow', control_type='WindowControl', class_name='Window', left=342, right=2282, top=342, bottom=1554, width=1940, height=1212, xcenter=1312, ycenter=948)</msg>
<status status="PASS" starttime="20240208 08:37:00.690" endtime="20240208 08:37:03.665"/>
</kw>
<kw name="Set Wait Time" library="RPA.Windows">
<arg>2</arg>
<tag>action</tag>
<doc>Set library wait time for action keywords.</doc>
<msg timestamp="20240208 08:37:03.666" level="INFO">Previous wait time: 2.000000</msg>
<msg timestamp="20240208 08:37:03.666" level="INFO">Current wait time: 2.000000</msg>
<status status="PASS" starttime="20240208 08:37:03.666" endtime="20240208 08:37:03.667"/>
</kw>
<kw name="Click" library="RPA.Windows">
<arg>name:INSPECTION</arg>
<tag>action</tag>
<tag>mouse</tag>
<doc>Mouse click on element matching given locator.</doc>
<msg timestamp="20240208 08:37:03.669" level="INFO">Getting element with locator: name:INSPECTION</msg>
<msg timestamp="20240208 08:37:03.671" level="INFO">Resulted root element: WindowsElement(item=&lt;uiautomation.uiautomation.WindowControl object at 0x000001CBC16C64E0&gt;, locator='executable:dolphicam2.exe and type:WindowControl', name='dolphicam2', automation_id='TheDC2MainWindow', control_type='WindowControl', class_name='Window', left=342, right=2282, top=342, bottom=1554, width=1940, height=1212, xcenter=1312, ycenter=948)</msg>
<msg timestamp="20240208 08:37:03.671" level="INFO">Locator 'name:INSPECTION' produced matcher: MatchObject(locators=[('Name', 'INSPECTION', 0)], _classes=set(), max_level=0)</msg>
<msg timestamp="20240208 08:37:11.462" level="INFO">Returning element: WindowsElement(item=&lt;uiautomation.uiautomation.ListItemControl object at 0x000001CBC16C5DF0&gt;, locator='name:INSPECTION', name='INSPECTION', automation_id='', control_type='ListItemControl', class_name='ListBoxItem', left=1073, right=1435, top=389, bottom=509, width=362, height=120, xcenter=1254, ycenter=449)</msg>
<status status="PASS" starttime="20240208 08:37:03.667" endtime="20240208 08:37:13.533"/>
</kw>
<status status="PASS" starttime="20240208 08:36:55.937" endtime="20240208 08:37:13.534"/>
</test>
<status status="PASS" starttime="20240208 08:36:55.675" endtime="20240208 08:37:13.538"/>
</suite>
<statistics>
<total>
<stat pass="1" fail="0" skip="0">All Tests</stat>
</total>
<tag>
</tag>
<suite>
<stat pass="1" fail="0" skip="0" id="s1" name="TC 2 Start DC2">TC 2 Start DC2</stat>
</suite>
</statistics>
<errors>
<msg timestamp="20240208 08:36:55.936" level="ERROR">Error in file 'C:\projects\automationprojects\automationprojects\RobotFramewrok2\TestCases\TC_2_Start_DC2.robot' on line 4: Importing library 'RPA.Excel.Files' failed: ModuleNotFoundError: No module named 'RPA.Excel'
Traceback (most recent call last):
  None
PYTHONPATH:
  C:\Users\DivyaPuthukaraFranci\PycharmProjects\RobotFramewrok2\venv\Scripts\robot.exe
  C:\Users\DivyaPuthukaraFranci\AppData\Local\Programs\Python\Python312\python312.zip
  C:\Users\DivyaPuthukaraFranci\AppData\Local\Programs\Python\Python312\DLLs
  C:\Users\DivyaPuthukaraFranci\AppData\Local\Programs\Python\Python312\Lib
  C:\Users\DivyaPuthukaraFranci\AppData\Local\Programs\Python\Python312
  C:\Users\DivyaPuthukaraFranci\PycharmProjects\RobotFramewrok2\venv
  C:\Users\DivyaPuthukaraFranci\PycharmProjects\RobotFramewrok2\venv\Lib\site-packages
  C:\Users\DivyaPuthukaraFranci\PycharmProjects\RobotFramewrok2\venv\Lib\site-packages\win32
  C:\Users\DivyaPuthukaraFranci\PycharmProjects\RobotFramewrok2\venv\Lib\site-packages\win32\lib
  C:\Users\DivyaPuthukaraFranci\PycharmProjects\RobotFramewrok2\venv\Lib\site-packages\Pythonwin</msg>
</errors>
</robot>
